<?xml version="1.0" encoding="UTF-8"?>
<!-- Generated by org.testng.reporters.JUnitReportReporter -->
<testsuite hostname="DESKTOP-9LMV1LJ" failures="0" tests="1" name="testrunner.testrun" time="15.243" errors="0" timestamp="2023-06-13T12:41:10 EDT" skipped="0">
  <testcase classname="testrunner.testrun" name="feature" time="15.243"/>
  <system-out/>
</testsuite> <!-- testrunner.testrun -->
